{"contracts/DPostit.sol":{"l":{"9":16,"18":5,"19":3,"27":18,"28":16,"29":14,"30":12,"36":10,"37":5,"41":7,"42":5,"46":1,"47":1,"50":5,"57":5,"65":1,"78":12,"79":12,"87":1,"94":1,"98":3,"106":3,"107":1,"108":1,"112":1,"113":1},"path":"/home/pkro/Kingsland/projects/dapp/contracts/DPostit.sol","s":{"1":16,"2":5,"3":18,"4":16,"5":14,"6":10,"7":7,"8":1,"9":1,"10":5,"11":5,"12":1,"13":12,"14":12,"15":1,"16":1,"17":3,"18":3,"19":1,"20":1,"21":1,"22":1},"b":{"1":[3,2],"2":[16,2],"3":[14,2],"4":[12,2],"5":[5,5],"6":[5,2],"7":[1,2]},"f":{"1":16,"2":5,"3":18,"4":10,"5":7,"6":1,"7":12,"8":1,"9":3,"10":1},"fnMap":{"1":{"name":"constructor","line":8,"loc":{"start":{"line":8,"column":4},"end":{"line":8,"column":22}}},"2":{"name":"isContractOwner","line":17,"loc":{"start":{"line":17,"column":4},"end":{"line":17,"column":28}}},"3":{"name":"required","line":22,"loc":{"start":{"line":22,"column":4},"end":{"line":26,"column":11}}},"4":{"name":"exists","line":33,"loc":{"start":{"line":33,"column":4},"end":{"line":35,"column":7}}},"5":{"name":"reachMinimumGoal","line":40,"loc":{"start":{"line":40,"column":4},"end":{"line":40,"column":29}}},"6":{"name":"listPosts","line":45,"loc":{"start":{"line":45,"column":4},"end":{"line":45,"column":62}}},"7":{"name":"savePost","line":68,"loc":{"start":{"line":68,"column":4},"end":{"line":76,"column":22}}},"8":{"name":"getPost","line":82,"loc":{"start":{"line":82,"column":4},"end":{"line":86,"column":30}}},"9":{"name":"payForAccess","line":97,"loc":{"start":{"line":97,"column":4},"end":{"line":97,"column":115}}},"10":{"name":"deletePost","line":111,"loc":{"start":{"line":111,"column":4},"end":{"line":111,"column":93}}}},"statementMap":{"1":{"start":{"line":9,"column":8},"end":{"line":9,"column":33}},"2":{"start":{"line":18,"column":8},"end":{"line":18,"column":79}},"3":{"start":{"line":27,"column":12},"end":{"line":27,"column":68}},"4":{"start":{"line":28,"column":12},"end":{"line":28,"column":82}},"5":{"start":{"line":29,"column":12},"end":{"line":29,"column":66}},"6":{"start":{"line":36,"column":8},"end":{"line":36,"column":84}},"7":{"start":{"line":41,"column":8},"end":{"line":41,"column":93}},"8":{"start":{"line":46,"column":8},"end":{"line":46,"column":17}},"9":{"start":{"line":47,"column":8},"end":{"line":47,"column":1238}},"10":{"start":{"line":50,"column":12},"end":{"line":50,"column":1429}},"11":{"start":{"line":57,"column":12},"end":{"line":57,"column":1581}},"12":{"start":{"line":65,"column":8},"end":{"line":65,"column":49}},"13":{"start":{"line":78,"column":8},"end":{"line":78,"column":67}},"14":{"start":{"line":79,"column":8},"end":{"line":79,"column":24}},"15":{"start":{"line":87,"column":8},"end":{"line":87,"column":2349}},"16":{"start":{"line":94,"column":8},"end":{"line":94,"column":94}},"17":{"start":{"line":98,"column":8},"end":{"line":98,"column":2744}},"18":{"start":{"line":106,"column":8},"end":{"line":106,"column":70}},"19":{"start":{"line":107,"column":8},"end":{"line":107,"column":32}},"20":{"start":{"line":108,"column":8},"end":{"line":108,"column":71}},"21":{"start":{"line":112,"column":8},"end":{"line":112,"column":42}},"22":{"start":{"line":113,"column":8},"end":{"line":113,"column":19}}},"branchMap":{"1":{"line":18,"type":"if","locations":[{"start":{"line":18,"column":8},"end":{"line":18,"column":8}},{"start":{"line":18,"column":8},"end":{"line":18,"column":8}}]},"2":{"line":27,"type":"if","locations":[{"start":{"line":27,"column":12},"end":{"line":27,"column":12}},{"start":{"line":27,"column":12},"end":{"line":27,"column":12}}]},"3":{"line":28,"type":"if","locations":[{"start":{"line":28,"column":12},"end":{"line":28,"column":12}},{"start":{"line":28,"column":12},"end":{"line":28,"column":12}}]},"4":{"line":29,"type":"if","locations":[{"start":{"line":29,"column":12},"end":{"line":29,"column":12}},{"start":{"line":29,"column":12},"end":{"line":29,"column":12}}]},"5":{"line":36,"type":"if","locations":[{"start":{"line":36,"column":8},"end":{"line":36,"column":8}},{"start":{"line":36,"column":8},"end":{"line":36,"column":8}}]},"6":{"line":41,"type":"if","locations":[{"start":{"line":41,"column":8},"end":{"line":41,"column":8}},{"start":{"line":41,"column":8},"end":{"line":41,"column":8}}]},"7":{"line":106,"type":"if","locations":[{"start":{"line":106,"column":8},"end":{"line":106,"column":8}},{"start":{"line":106,"column":8},"end":{"line":106,"column":8}}]}}},"contracts/PostMapping.sol":{"l":{"27":12,"29":12,"30":12,"31":12,"32":12,"33":12,"35":12,"36":12,"37":12,"39":12,"52":9,"53":9,"54":9,"55":9,"56":9,"60":1,"61":1,"65":10,"69":1,"73":6,"77":6,"78":6,"79":0,"80":6},"path":"/home/pkro/Kingsland/projects/dapp/contracts/PostMapping.sol","s":{"1":12,"2":12,"3":12,"4":12,"5":12,"6":12,"7":12,"8":12,"9":9,"10":9,"11":9,"12":9,"13":9,"14":1,"15":10,"16":1,"17":6,"18":6,"19":6,"20":6},"b":{"1":[8,4]},"f":{"1":12,"2":9,"3":1,"4":10,"5":1,"6":6,"7":6},"fnMap":{"1":{"name":"insert","line":20,"loc":{"start":{"line":20,"column":4},"end":{"line":26,"column":31}}},"2":{"name":"iterate_get","line":42,"loc":{"start":{"line":42,"column":4},"end":{"line":51,"column":7}}},"3":{"name":"remove","line":59,"loc":{"start":{"line":59,"column":4},"end":{"line":59,"column":55}}},"4":{"name":"contains","line":64,"loc":{"start":{"line":64,"column":4},"end":{"line":64,"column":77}}},"5":{"name":"iterate_start","line":68,"loc":{"start":{"line":68,"column":4},"end":{"line":68,"column":81}}},"6":{"name":"iterate_valid","line":72,"loc":{"start":{"line":72,"column":4},"end":{"line":72,"column":87}}},"7":{"name":"iterate_next","line":76,"loc":{"start":{"line":76,"column":4},"end":{"line":76,"column":86}}}},"statementMap":{"1":{"start":{"line":27,"column":8},"end":{"line":27,"column":46}},"2":{"start":{"line":30,"column":8},"end":{"line":30,"column":39}},"3":{"start":{"line":31,"column":8},"end":{"line":31,"column":53}},"4":{"start":{"line":32,"column":8},"end":{"line":32,"column":37}},"5":{"start":{"line":33,"column":8},"end":{"line":33,"column":41}},"6":{"start":{"line":36,"column":8},"end":{"line":36,"column":48}},"7":{"start":{"line":37,"column":8},"end":{"line":37,"column":43}},"8":{"start":{"line":39,"column":8},"end":{"line":39,"column":19}},"9":{"start":{"line":52,"column":8},"end":{"line":52,"column":36}},"10":{"start":{"line":53,"column":8},"end":{"line":53,"column":33}},"11":{"start":{"line":54,"column":8},"end":{"line":54,"column":47}},"12":{"start":{"line":55,"column":8},"end":{"line":55,"column":39}},"13":{"start":{"line":56,"column":8},"end":{"line":56,"column":35}},"14":{"start":{"line":60,"column":8},"end":{"line":60,"column":56}},"15":{"start":{"line":65,"column":8},"end":{"line":65,"column":42}},"16":{"start":{"line":69,"column":8},"end":{"line":69,"column":42}},"17":{"start":{"line":73,"column":8},"end":{"line":73,"column":42}},"18":{"start":{"line":77,"column":8},"end":{"line":77,"column":38}},"19":{"start":{"line":78,"column":8},"end":{"line":78,"column":2171}},"20":{"start":{"line":80,"column":8},"end":{"line":80,"column":25}}},"branchMap":{"1":{"line":27,"type":"if","locations":[{"start":{"line":27,"column":8},"end":{"line":27,"column":8}},{"start":{"line":27,"column":8},"end":{"line":27,"column":8}}]}}},"contracts/Utils.sol":{"l":{"9":6,"17":6,"18":6,"19":6,"20":6,"21":6,"23":6,"24":6,"25":6,"27":6,"28":6,"29":6,"31":6},"path":"/home/pkro/Kingsland/projects/dapp/contracts/Utils.sol","s":{"1":6,"2":6,"3":6,"4":6,"5":6,"6":6,"7":6,"8":6,"9":6,"10":6,"11":6,"12":6},"b":{},"f":{"1":6,"2":6},"fnMap":{"1":{"name":"getPostObject","line":4,"loc":{"start":{"line":4,"column":4},"end":{"line":8,"column":52}}},"2":{"name":"toString","line":16,"loc":{"start":{"line":16,"column":4},"end":{"line":16,"column":80}}}},"statementMap":{"1":{"start":{"line":9,"column":8},"end":{"line":9,"column":227}},"2":{"start":{"line":17,"column":8},"end":{"line":17,"column":19}},"3":{"start":{"line":18,"column":8},"end":{"line":18,"column":16}},"4":{"start":{"line":19,"column":8},"end":{"line":19,"column":575}},"5":{"start":{"line":21,"column":12},"end":{"line":21,"column":18}},"6":{"start":{"line":23,"column":8},"end":{"line":23,"column":42}},"7":{"start":{"line":24,"column":8},"end":{"line":24,"column":24}},"8":{"start":{"line":25,"column":8},"end":{"line":25,"column":13}},"9":{"start":{"line":27,"column":8},"end":{"line":27,"column":737}},"10":{"start":{"line":28,"column":12},"end":{"line":28,"column":47}},"11":{"start":{"line":29,"column":12},"end":{"line":29,"column":18}},"12":{"start":{"line":31,"column":8},"end":{"line":31,"column":27}}},"branchMap":{}}}