TN:
SF:/home/pkro/Kingsland/projects/dapp/contracts/DPostit.sol
FN:8,constructor
FN:17,isContractOwner
FN:22,required
FN:33,exists
FN:40,reachMinimumGoal
FN:45,listPosts
FN:68,savePost
FN:82,getPost
FN:97,payForAccess
FN:111,deletePost
FNF:10
FNH:10
FNDA:16,constructor
FNDA:5,isContractOwner
FNDA:18,required
FNDA:10,exists
FNDA:7,reachMinimumGoal
FNDA:1,listPosts
FNDA:12,savePost
FNDA:1,getPost
FNDA:3,payForAccess
FNDA:1,deletePost
DA:9,16
DA:18,5
DA:19,3
DA:27,18
DA:28,16
DA:29,14
DA:30,12
DA:36,10
DA:37,5
DA:41,7
DA:42,5
DA:46,1
DA:47,1
DA:50,5
DA:57,5
DA:65,1
DA:78,12
DA:79,12
DA:87,1
DA:94,1
DA:98,3
DA:106,3
DA:107,1
DA:108,1
DA:112,1
DA:113,1
LF:26
LH:26
BRDA:18,1,0,3
BRDA:18,1,1,2
BRDA:27,2,0,16
BRDA:27,2,1,2
BRDA:28,3,0,14
BRDA:28,3,1,2
BRDA:29,4,0,12
BRDA:29,4,1,2
BRDA:36,5,0,5
BRDA:36,5,1,5
BRDA:41,6,0,5
BRDA:41,6,1,2
BRDA:106,7,0,1
BRDA:106,7,1,2
BRF:14
BRH:14
end_of_record
TN:
SF:/home/pkro/Kingsland/projects/dapp/contracts/PostMapping.sol
FN:20,insert
FN:42,iterate_get
FN:59,remove
FN:64,contains
FN:68,iterate_start
FN:72,iterate_valid
FN:76,iterate_next
FNF:7
FNH:7
FNDA:12,insert
FNDA:9,iterate_get
FNDA:1,remove
FNDA:10,contains
FNDA:1,iterate_start
FNDA:6,iterate_valid
FNDA:6,iterate_next
DA:27,12
DA:29,12
DA:30,12
DA:31,12
DA:32,12
DA:33,12
DA:35,12
DA:36,12
DA:37,12
DA:39,12
DA:52,9
DA:53,9
DA:54,9
DA:55,9
DA:56,9
DA:60,1
DA:61,1
DA:65,10
DA:69,1
DA:73,6
DA:77,6
DA:78,6
DA:79,0
DA:80,6
LF:24
LH:23
BRDA:27,1,0,8
BRDA:27,1,1,4
BRF:2
BRH:2
end_of_record
TN:
SF:/home/pkro/Kingsland/projects/dapp/contracts/Utils.sol
FN:4,getPostObject
FN:16,toString
FNF:2
FNH:2
FNDA:6,getPostObject
FNDA:6,toString
DA:9,6
DA:17,6
DA:18,6
DA:19,6
DA:20,6
DA:21,6
DA:23,6
DA:24,6
DA:25,6
DA:27,6
DA:28,6
DA:29,6
DA:31,6
LF:13
LH:13
BRF:0
BRH:0
end_of_record
